                                 Started job on |	Feb 19 17:22:40
                             Started mapping on |	Feb 19 17:22:48
                                    Finished on |	Feb 19 17:23:37
       Mapping speed, Million of reads per hour |	494.44

                          Number of input reads |	6729915
                      Average input read length |	138
                                    UNIQUE READS:
                   Uniquely mapped reads number |	5832546
                        Uniquely mapped reads % |	86.67%
                          Average mapped length |	133.39
                       Number of splices: Total |	513712
            Number of splices: Annotated (sjdb) |	278890
                       Number of splices: GT/AG |	328379
                       Number of splices: GC/AG |	25290
                       Number of splices: AT/AC |	787
               Number of splices: Non-canonical |	159256
                      Mismatch rate per base, % |	0.63%
                         Deletion rate per base |	0.10%
                        Deletion average length |	2.92
                        Insertion rate per base |	0.06%
                       Insertion average length |	2.50
                             MULTI-MAPPING READS:
        Number of reads mapped to multiple loci |	408477
             % of reads mapped to multiple loci |	6.07%
        Number of reads mapped to too many loci |	115923
             % of reads mapped to too many loci |	1.72%
                                  UNMAPPED READS:
       % of reads unmapped: too many mismatches |	0.00%
                 % of reads unmapped: too short |	5.53%
                     % of reads unmapped: other |	0.01%
                                  CHIMERIC READS:
                       Number of chimeric reads |	0
                            % of chimeric reads |	0.00%
