                                 Started job on |	Feb 19 17:28:17
                             Started mapping on |	Feb 19 17:28:26
                                    Finished on |	Feb 19 17:29:12
       Mapping speed, Million of reads per hour |	530.80

                          Number of input reads |	6782443
                      Average input read length |	140
                                    UNIQUE READS:
                   Uniquely mapped reads number |	5996906
                        Uniquely mapped reads % |	88.42%
                          Average mapped length |	136.07
                       Number of splices: Total |	519789
            Number of splices: Annotated (sjdb) |	301794
                       Number of splices: GT/AG |	351387
                       Number of splices: GC/AG |	21349
                       Number of splices: AT/AC |	595
               Number of splices: Non-canonical |	146458
                      Mismatch rate per base, % |	0.58%
                         Deletion rate per base |	0.13%
                        Deletion average length |	2.98
                        Insertion rate per base |	0.11%
                       Insertion average length |	2.91
                             MULTI-MAPPING READS:
        Number of reads mapped to multiple loci |	372934
             % of reads mapped to multiple loci |	5.50%
        Number of reads mapped to too many loci |	86870
             % of reads mapped to too many loci |	1.28%
                                  UNMAPPED READS:
       % of reads unmapped: too many mismatches |	0.00%
                 % of reads unmapped: too short |	4.80%
                     % of reads unmapped: other |	0.00%
                                  CHIMERIC READS:
                       Number of chimeric reads |	0
                            % of chimeric reads |	0.00%
