                                 Started job on |	Feb 19 17:23:39
                             Started mapping on |	Feb 19 17:23:47
                                    Finished on |	Feb 19 17:24:32
       Mapping speed, Million of reads per hour |	454.07

                          Number of input reads |	5675841
                      Average input read length |	134
                                    UNIQUE READS:
                   Uniquely mapped reads number |	4707859
                        Uniquely mapped reads % |	82.95%
                          Average mapped length |	127.62
                       Number of splices: Total |	356407
            Number of splices: Annotated (sjdb) |	94081
                       Number of splices: GT/AG |	143818
                       Number of splices: GC/AG |	21630
                       Number of splices: AT/AC |	211
               Number of splices: Non-canonical |	190748
                      Mismatch rate per base, % |	0.72%
                         Deletion rate per base |	0.08%
                        Deletion average length |	2.91
                        Insertion rate per base |	0.10%
                       Insertion average length |	2.89
                             MULTI-MAPPING READS:
        Number of reads mapped to multiple loci |	471928
             % of reads mapped to multiple loci |	8.31%
        Number of reads mapped to too many loci |	61173
             % of reads mapped to too many loci |	1.08%
                                  UNMAPPED READS:
       % of reads unmapped: too many mismatches |	0.00%
                 % of reads unmapped: too short |	7.66%
                     % of reads unmapped: other |	0.00%
                                  CHIMERIC READS:
                       Number of chimeric reads |	0
                            % of chimeric reads |	0.00%
