                                 Started job on |	Feb 19 17:33:32
                             Started mapping on |	Feb 19 17:33:41
                                    Finished on |	Feb 19 17:34:25
       Mapping speed, Million of reads per hour |	496.59

                          Number of input reads |	6069428
                      Average input read length |	138
                                    UNIQUE READS:
                   Uniquely mapped reads number |	5004315
                        Uniquely mapped reads % |	82.45%
                          Average mapped length |	133.78
                       Number of splices: Total |	498234
            Number of splices: Annotated (sjdb) |	312559
                       Number of splices: GT/AG |	354788
                       Number of splices: GC/AG |	17944
                       Number of splices: AT/AC |	508
               Number of splices: Non-canonical |	124994
                      Mismatch rate per base, % |	0.68%
                         Deletion rate per base |	0.09%
                        Deletion average length |	3.02
                        Insertion rate per base |	0.07%
                       Insertion average length |	2.53
                             MULTI-MAPPING READS:
        Number of reads mapped to multiple loci |	364502
             % of reads mapped to multiple loci |	6.01%
        Number of reads mapped to too many loci |	105237
             % of reads mapped to too many loci |	1.73%
                                  UNMAPPED READS:
       % of reads unmapped: too many mismatches |	0.00%
                 % of reads unmapped: too short |	9.78%
                     % of reads unmapped: other |	0.03%
                                  CHIMERIC READS:
                       Number of chimeric reads |	0
                            % of chimeric reads |	0.00%
