                                 Started job on |	Feb 19 17:32:44
                             Started mapping on |	Feb 19 17:32:52
                                    Finished on |	Feb 19 17:33:31
       Mapping speed, Million of reads per hour |	424.24

                          Number of input reads |	4595982
                      Average input read length |	138
                                    UNIQUE READS:
                   Uniquely mapped reads number |	4034735
                        Uniquely mapped reads % |	87.79%
                          Average mapped length |	133.87
                       Number of splices: Total |	304553
            Number of splices: Annotated (sjdb) |	130521
                       Number of splices: GT/AG |	166508
                       Number of splices: GC/AG |	16705
                       Number of splices: AT/AC |	411
               Number of splices: Non-canonical |	120929
                      Mismatch rate per base, % |	0.57%
                         Deletion rate per base |	0.07%
                        Deletion average length |	3.38
                        Insertion rate per base |	0.05%
                       Insertion average length |	2.52
                             MULTI-MAPPING READS:
        Number of reads mapped to multiple loci |	290925
             % of reads mapped to multiple loci |	6.33%
        Number of reads mapped to too many loci |	83915
             % of reads mapped to too many loci |	1.83%
                                  UNMAPPED READS:
       % of reads unmapped: too many mismatches |	0.00%
                 % of reads unmapped: too short |	4.05%
                     % of reads unmapped: other |	0.00%
                                  CHIMERIC READS:
                       Number of chimeric reads |	0
                            % of chimeric reads |	0.00%
