                                 Started job on |	Feb 19 17:29:15
                             Started mapping on |	Feb 19 17:29:22
                                    Finished on |	Feb 19 17:30:07
       Mapping speed, Million of reads per hour |	594.51

                          Number of input reads |	7431313
                      Average input read length |	140
                                    UNIQUE READS:
                   Uniquely mapped reads number |	6366311
                        Uniquely mapped reads % |	85.67%
                          Average mapped length |	135.82
                       Number of splices: Total |	600416
            Number of splices: Annotated (sjdb) |	379169
                       Number of splices: GT/AG |	430638
                       Number of splices: GC/AG |	22112
                       Number of splices: AT/AC |	673
               Number of splices: Non-canonical |	146993
                      Mismatch rate per base, % |	0.64%
                         Deletion rate per base |	0.12%
                        Deletion average length |	3.07
                        Insertion rate per base |	0.08%
                       Insertion average length |	2.52
                             MULTI-MAPPING READS:
        Number of reads mapped to multiple loci |	420410
             % of reads mapped to multiple loci |	5.66%
        Number of reads mapped to too many loci |	110010
             % of reads mapped to too many loci |	1.48%
                                  UNMAPPED READS:
       % of reads unmapped: too many mismatches |	0.00%
                 % of reads unmapped: too short |	7.18%
                     % of reads unmapped: other |	0.02%
                                  CHIMERIC READS:
                       Number of chimeric reads |	0
                            % of chimeric reads |	0.00%
