                                 Started job on |	Feb 19 17:31:01
                             Started mapping on |	Feb 19 17:31:10
                                    Finished on |	Feb 19 17:31:55
       Mapping speed, Million of reads per hour |	459.63

                          Number of input reads |	5745336
                      Average input read length |	137
                                    UNIQUE READS:
                   Uniquely mapped reads number |	4974216
                        Uniquely mapped reads % |	86.58%
                          Average mapped length |	131.49
                       Number of splices: Total |	375822
            Number of splices: Annotated (sjdb) |	150107
                       Number of splices: GT/AG |	197652
                       Number of splices: GC/AG |	18775
                       Number of splices: AT/AC |	476
               Number of splices: Non-canonical |	158919
                      Mismatch rate per base, % |	0.63%
                         Deletion rate per base |	0.14%
                        Deletion average length |	2.79
                        Insertion rate per base |	0.11%
                       Insertion average length |	2.80
                             MULTI-MAPPING READS:
        Number of reads mapped to multiple loci |	370855
             % of reads mapped to multiple loci |	6.45%
        Number of reads mapped to too many loci |	68885
             % of reads mapped to too many loci |	1.20%
                                  UNMAPPED READS:
       % of reads unmapped: too many mismatches |	0.00%
                 % of reads unmapped: too short |	5.76%
                     % of reads unmapped: other |	0.00%
                                  CHIMERIC READS:
                       Number of chimeric reads |	0
                            % of chimeric reads |	0.00%
