                                 Started job on |	Feb 19 17:31:57
                             Started mapping on |	Feb 19 17:32:05
                                    Finished on |	Feb 19 17:32:42
       Mapping speed, Million of reads per hour |	390.51

                          Number of input reads |	4013623
                      Average input read length |	137
                                    UNIQUE READS:
                   Uniquely mapped reads number |	3503785
                        Uniquely mapped reads % |	87.30%
                          Average mapped length |	131.86
                       Number of splices: Total |	250545
            Number of splices: Annotated (sjdb) |	99156
                       Number of splices: GT/AG |	131110
                       Number of splices: GC/AG |	13408
                       Number of splices: AT/AC |	331
               Number of splices: Non-canonical |	105696
                      Mismatch rate per base, % |	0.68%
                         Deletion rate per base |	0.09%
                        Deletion average length |	2.52
                        Insertion rate per base |	0.08%
                       Insertion average length |	2.41
                             MULTI-MAPPING READS:
        Number of reads mapped to multiple loci |	246737
             % of reads mapped to multiple loci |	6.15%
        Number of reads mapped to too many loci |	56864
             % of reads mapped to too many loci |	1.42%
                                  UNMAPPED READS:
       % of reads unmapped: too many mismatches |	0.00%
                 % of reads unmapped: too short |	5.14%
                     % of reads unmapped: other |	0.00%
                                  CHIMERIC READS:
                       Number of chimeric reads |	0
                            % of chimeric reads |	0.00%
