                                 Started job on |	Feb 19 17:24:34
                             Started mapping on |	Feb 19 17:24:42
                                    Finished on |	Feb 19 17:25:23
       Mapping speed, Million of reads per hour |	617.51

                          Number of input reads |	7032715
                      Average input read length |	142
                                    UNIQUE READS:
                   Uniquely mapped reads number |	6344459
                        Uniquely mapped reads % |	90.21%
                          Average mapped length |	138.67
                       Number of splices: Total |	588563
            Number of splices: Annotated (sjdb) |	396786
                       Number of splices: GT/AG |	435723
                       Number of splices: GC/AG |	23182
                       Number of splices: AT/AC |	521
               Number of splices: Non-canonical |	129137
                      Mismatch rate per base, % |	0.38%
                         Deletion rate per base |	0.01%
                        Deletion average length |	1.82
                        Insertion rate per base |	0.01%
                       Insertion average length |	1.63
                             MULTI-MAPPING READS:
        Number of reads mapped to multiple loci |	344500
             % of reads mapped to multiple loci |	4.90%
        Number of reads mapped to too many loci |	100512
             % of reads mapped to too many loci |	1.43%
                                  UNMAPPED READS:
       % of reads unmapped: too many mismatches |	0.00%
                 % of reads unmapped: too short |	3.43%
                     % of reads unmapped: other |	0.02%
                                  CHIMERIC READS:
                       Number of chimeric reads |	0
                            % of chimeric reads |	0.00%
