                                 Started job on |	Feb 19 17:37:14
                             Started mapping on |	Feb 19 17:37:22
                                    Finished on |	Feb 19 17:38:21
       Mapping speed, Million of reads per hour |	548.63

                          Number of input reads |	8991424
                      Average input read length |	138
                                    UNIQUE READS:
                   Uniquely mapped reads number |	7694248
                        Uniquely mapped reads % |	85.57%
                          Average mapped length |	132.57
                       Number of splices: Total |	597675
            Number of splices: Annotated (sjdb) |	283279
                       Number of splices: GT/AG |	353301
                       Number of splices: GC/AG |	27845
                       Number of splices: AT/AC |	945
               Number of splices: Non-canonical |	215584
                      Mismatch rate per base, % |	0.70%
                         Deletion rate per base |	0.11%
                        Deletion average length |	3.04
                        Insertion rate per base |	0.07%
                       Insertion average length |	2.49
                             MULTI-MAPPING READS:
        Number of reads mapped to multiple loci |	594308
             % of reads mapped to multiple loci |	6.61%
        Number of reads mapped to too many loci |	123096
             % of reads mapped to too many loci |	1.37%
                                  UNMAPPED READS:
       % of reads unmapped: too many mismatches |	0.00%
                 % of reads unmapped: too short |	6.44%
                     % of reads unmapped: other |	0.01%
                                  CHIMERIC READS:
                       Number of chimeric reads |	0
                            % of chimeric reads |	0.00%
