                                 Started job on |	Feb 19 17:35:32
                             Started mapping on |	Feb 19 17:35:40
                                    Finished on |	Feb 19 17:36:16
       Mapping speed, Million of reads per hour |	387.01

                          Number of input reads |	3870132
                      Average input read length |	136
                                    UNIQUE READS:
                   Uniquely mapped reads number |	3287381
                        Uniquely mapped reads % |	84.94%
                          Average mapped length |	130.22
                       Number of splices: Total |	241045
            Number of splices: Annotated (sjdb) |	85764
                       Number of splices: GT/AG |	116969
                       Number of splices: GC/AG |	15170
                       Number of splices: AT/AC |	398
               Number of splices: Non-canonical |	108508
                      Mismatch rate per base, % |	0.68%
                         Deletion rate per base |	0.12%
                        Deletion average length |	3.27
                        Insertion rate per base |	0.08%
                       Insertion average length |	2.84
                             MULTI-MAPPING READS:
        Number of reads mapped to multiple loci |	265631
             % of reads mapped to multiple loci |	6.86%
        Number of reads mapped to too many loci |	81683
             % of reads mapped to too many loci |	2.11%
                                  UNMAPPED READS:
       % of reads unmapped: too many mismatches |	0.00%
                 % of reads unmapped: too short |	6.08%
                     % of reads unmapped: other |	0.00%
                                  CHIMERIC READS:
                       Number of chimeric reads |	0
                            % of chimeric reads |	0.00%
