                                 Started job on |	Feb 19 17:39:23
                             Started mapping on |	Feb 19 17:39:32
                                    Finished on |	Feb 19 17:40:13
       Mapping speed, Million of reads per hour |	434.35

                          Number of input reads |	4946747
                      Average input read length |	139
                                    UNIQUE READS:
                   Uniquely mapped reads number |	4215542
                        Uniquely mapped reads % |	85.22%
                          Average mapped length |	134.55
                       Number of splices: Total |	292760
            Number of splices: Annotated (sjdb) |	130144
                       Number of splices: GT/AG |	163521
                       Number of splices: GC/AG |	17153
                       Number of splices: AT/AC |	559
               Number of splices: Non-canonical |	111527
                      Mismatch rate per base, % |	0.58%
                         Deletion rate per base |	0.10%
                        Deletion average length |	3.12
                        Insertion rate per base |	0.10%
                       Insertion average length |	3.00
                             MULTI-MAPPING READS:
        Number of reads mapped to multiple loci |	298400
             % of reads mapped to multiple loci |	6.03%
        Number of reads mapped to too many loci |	108104
             % of reads mapped to too many loci |	2.19%
                                  UNMAPPED READS:
       % of reads unmapped: too many mismatches |	0.00%
                 % of reads unmapped: too short |	6.56%
                     % of reads unmapped: other |	0.00%
                                  CHIMERIC READS:
                       Number of chimeric reads |	0
                            % of chimeric reads |	0.00%
