                                 Started job on |	Feb 19 17:36:18
                             Started mapping on |	Feb 19 17:36:25
                                    Finished on |	Feb 19 17:37:12
       Mapping speed, Million of reads per hour |	555.49

                          Number of input reads |	7252176
                      Average input read length |	140
                                    UNIQUE READS:
                   Uniquely mapped reads number |	6441551
                        Uniquely mapped reads % |	88.82%
                          Average mapped length |	136.09
                       Number of splices: Total |	548879
            Number of splices: Annotated (sjdb) |	323244
                       Number of splices: GT/AG |	375161
                       Number of splices: GC/AG |	23758
                       Number of splices: AT/AC |	599
               Number of splices: Non-canonical |	149361
                      Mismatch rate per base, % |	0.57%
                         Deletion rate per base |	0.12%
                        Deletion average length |	3.27
                        Insertion rate per base |	0.07%
                       Insertion average length |	2.89
                             MULTI-MAPPING READS:
        Number of reads mapped to multiple loci |	392195
             % of reads mapped to multiple loci |	5.41%
        Number of reads mapped to too many loci |	118380
             % of reads mapped to too many loci |	1.63%
                                  UNMAPPED READS:
       % of reads unmapped: too many mismatches |	0.00%
                 % of reads unmapped: too short |	4.13%
                     % of reads unmapped: other |	0.01%
                                  CHIMERIC READS:
                       Number of chimeric reads |	0
                            % of chimeric reads |	0.00%
