                                 Started job on |	Feb 19 17:40:14
                             Started mapping on |	Feb 19 17:40:23
                                    Finished on |	Feb 19 17:41:13
       Mapping speed, Million of reads per hour |	464.52

                          Number of input reads |	6451695
                      Average input read length |	137
                                    UNIQUE READS:
                   Uniquely mapped reads number |	5129332
                        Uniquely mapped reads % |	79.50%
                          Average mapped length |	132.03
                       Number of splices: Total |	420508
            Number of splices: Annotated (sjdb) |	184942
                       Number of splices: GT/AG |	239878
                       Number of splices: GC/AG |	18845
                       Number of splices: AT/AC |	696
               Number of splices: Non-canonical |	161089
                      Mismatch rate per base, % |	0.77%
                         Deletion rate per base |	0.13%
                        Deletion average length |	3.01
                        Insertion rate per base |	0.09%
                       Insertion average length |	2.87
                             MULTI-MAPPING READS:
        Number of reads mapped to multiple loci |	402186
             % of reads mapped to multiple loci |	6.23%
        Number of reads mapped to too many loci |	95136
             % of reads mapped to too many loci |	1.47%
                                  UNMAPPED READS:
       % of reads unmapped: too many mismatches |	0.00%
                 % of reads unmapped: too short |	12.78%
                     % of reads unmapped: other |	0.01%
                                  CHIMERIC READS:
                       Number of chimeric reads |	0
                            % of chimeric reads |	0.00%
